{"C:\\www\\rocketseat\\node.js\\api-solid\\src\\app.ts": {"path":"C:\\www\\rocketseat\\node.js\\api-solid\\src\\app.ts","all":true,"statementMap":{"0":{"start":{"line":1,"column":0},"end":{"line":1,"column":30}},"5":{"start":{"line":6,"column":0},"end":{"line":6,"column":29}},"7":{"start":{"line":8,"column":0},"end":{"line":8,"column":24}},"9":{"start":{"line":10,"column":0},"end":{"line":10,"column":48}},"10":{"start":{"line":11,"column":0},"end":{"line":11,"column":34}},"11":{"start":{"line":12,"column":0},"end":{"line":12,"column":16}},"12":{"start":{"line":13,"column":0},"end":{"line":13,"column":18}},"13":{"start":{"line":14,"column":0},"end":{"line":14,"column":70}},"14":{"start":{"line":15,"column":0},"end":{"line":15,"column":3}},"16":{"start":{"line":17,"column":0},"end":{"line":17,"column":38}},"17":{"start":{"line":18,"column":0},"end":{"line":18,"column":25}},"18":{"start":{"line":19,"column":0},"end":{"line":19,"column":3}},"20":{"start":{"line":21,"column":0},"end":{"line":21,"column":71}},"21":{"start":{"line":22,"column":0},"end":{"line":22,"column":3}}},"s":{"0":0,"5":0,"7":0,"9":0,"10":0,"11":0,"12":0,"13":0,"14":0,"16":0,"17":0,"18":0,"20":0,"21":0},"branchMap":{"0":{"type":"branch","line":1,"loc":{"start":{"line":1,"column":555},"end":{"line":22,"column":3}},"locations":[{"start":{"line":1,"column":555},"end":{"line":22,"column":3}}]}},"b":{"0":[0]},"fnMap":{"0":{"name":"(empty-report)","decl":{"start":{"line":1,"column":555},"end":{"line":22,"column":3}},"loc":{"start":{"line":1,"column":555},"end":{"line":22,"column":3}},"line":1}},"f":{"0":0}}
,"C:\\www\\rocketseat\\node.js\\api-solid\\src\\server.ts": {"path":"C:\\www\\rocketseat\\node.js\\api-solid\\src\\server.ts","all":true,"statementMap":{"0":{"start":{"line":1,"column":0},"end":{"line":1,"column":28}},"1":{"start":{"line":2,"column":0},"end":{"line":2,"column":28}},"3":{"start":{"line":4,"column":0},"end":{"line":4,"column":3}},"4":{"start":{"line":5,"column":0},"end":{"line":5,"column":11}},"5":{"start":{"line":6,"column":0},"end":{"line":6,"column":20}},"6":{"start":{"line":7,"column":0},"end":{"line":7,"column":19}},"7":{"start":{"line":8,"column":0},"end":{"line":8,"column":4}},"8":{"start":{"line":9,"column":0},"end":{"line":9,"column":15}},"9":{"start":{"line":10,"column":0},"end":{"line":10,"column":37}},"10":{"start":{"line":11,"column":0},"end":{"line":11,"column":5}}},"s":{"0":0,"1":0,"3":0,"4":0,"5":0,"6":0,"7":0,"8":0,"9":0,"10":0},"branchMap":{"0":{"type":"branch","line":1,"loc":{"start":{"line":1,"column":190},"end":{"line":11,"column":5}},"locations":[{"start":{"line":1,"column":190},"end":{"line":11,"column":5}}]}},"b":{"0":[0]},"fnMap":{"0":{"name":"(empty-report)","decl":{"start":{"line":1,"column":190},"end":{"line":11,"column":5}},"loc":{"start":{"line":1,"column":190},"end":{"line":11,"column":5}},"line":1}},"f":{"0":0}}
,"C:\\www\\rocketseat\\node.js\\api-solid\\src\\env\\index.ts": {"path":"C:\\www\\rocketseat\\node.js\\api-solid\\src\\env\\index.ts","all":true,"statementMap":{"0":{"start":{"line":1,"column":0},"end":{"line":1,"column":23}},"3":{"start":{"line":4,"column":0},"end":{"line":4,"column":28}},"4":{"start":{"line":5,"column":0},"end":{"line":5,"column":65}},"5":{"start":{"line":6,"column":0},"end":{"line":6,"column":40}},"6":{"start":{"line":7,"column":0},"end":{"line":7,"column":3}},"8":{"start":{"line":9,"column":0},"end":{"line":9,"column":46}},"10":{"start":{"line":11,"column":0},"end":{"line":11,"column":29}},"11":{"start":{"line":12,"column":0},"end":{"line":12,"column":70}},"13":{"start":{"line":14,"column":0},"end":{"line":14,"column":51}},"14":{"start":{"line":15,"column":0},"end":{"line":15,"column":1}},"16":{"start":{"line":17,"column":0},"end":{"line":17,"column":29}}},"s":{"0":0,"3":0,"4":0,"5":0,"6":0,"8":0,"10":0,"11":0,"13":0,"14":0,"16":0},"branchMap":{"0":{"type":"branch","line":1,"loc":{"start":{"line":1,"column":0},"end":{"line":17,"column":-135}},"locations":[{"start":{"line":1,"column":0},"end":{"line":17,"column":-135}}]}},"b":{"0":[0]},"fnMap":{"0":{"name":"(empty-report)","decl":{"start":{"line":1,"column":0},"end":{"line":17,"column":-135}},"loc":{"start":{"line":1,"column":0},"end":{"line":17,"column":-135}},"line":1}},"f":{"0":0}}
,"C:\\www\\rocketseat\\node.js\\api-solid\\src\\errors\\user-already-exists.error.ts": {"path":"C:\\www\\rocketseat\\node.js\\api-solid\\src\\errors\\user-already-exists.error.ts","all":false,"statementMap":{"0":{"start":{"line":1,"column":0},"end":{"line":1,"column":51}},"1":{"start":{"line":2,"column":0},"end":{"line":2,"column":17}},"2":{"start":{"line":3,"column":0},"end":{"line":3,"column":35}},"3":{"start":{"line":4,"column":0},"end":{"line":4,"column":3}},"4":{"start":{"line":5,"column":0},"end":{"line":5,"column":1}}},"s":{"0":1,"1":1,"2":1,"3":1,"4":1},"branchMap":{"0":{"type":"branch","line":2,"loc":{"start":{"line":2,"column":2},"end":{"line":4,"column":3}},"locations":[{"start":{"line":2,"column":2},"end":{"line":4,"column":3}}]}},"b":{"0":[1]},"fnMap":{"0":{"name":"UserAlreadyExistsError","decl":{"start":{"line":2,"column":2},"end":{"line":4,"column":3}},"loc":{"start":{"line":2,"column":2},"end":{"line":4,"column":3}},"line":2}},"f":{"0":1}}
,"C:\\www\\rocketseat\\node.js\\api-solid\\src\\http\\routes.ts": {"path":"C:\\www\\rocketseat\\node.js\\api-solid\\src\\http\\routes.ts","all":true,"statementMap":{"0":{"start":{"line":1,"column":0},"end":{"line":1,"column":42}},"3":{"start":{"line":4,"column":0},"end":{"line":4,"column":55}},"4":{"start":{"line":5,"column":0},"end":{"line":5,"column":31}},"5":{"start":{"line":6,"column":0},"end":{"line":6,"column":1}}},"s":{"0":0,"3":0,"4":0,"5":0},"branchMap":{"0":{"type":"branch","line":1,"loc":{"start":{"line":1,"column":0},"end":{"line":6,"column":-4}},"locations":[{"start":{"line":1,"column":0},"end":{"line":6,"column":-4}}]}},"b":{"0":[0]},"fnMap":{"0":{"name":"(empty-report)","decl":{"start":{"line":1,"column":0},"end":{"line":6,"column":-4}},"loc":{"start":{"line":1,"column":0},"end":{"line":6,"column":-4}},"line":1}},"f":{"0":0}}
,"C:\\www\\rocketseat\\node.js\\api-solid\\src\\http\\controllers\\register.controller.ts": {"path":"C:\\www\\rocketseat\\node.js\\api-solid\\src\\http\\controllers\\register.controller.ts","all":true,"statementMap":{"0":{"start":{"line":1,"column":0},"end":{"line":1,"column":76}},"6":{"start":{"line":7,"column":0},"end":{"line":7,"column":78}},"7":{"start":{"line":8,"column":0},"end":{"line":8,"column":39}},"8":{"start":{"line":9,"column":0},"end":{"line":9,"column":21}},"9":{"start":{"line":10,"column":0},"end":{"line":10,"column":30}},"10":{"start":{"line":11,"column":0},"end":{"line":11,"column":32}},"11":{"start":{"line":12,"column":0},"end":{"line":12,"column":5}},"13":{"start":{"line":14,"column":0},"end":{"line":14,"column":75}},"15":{"start":{"line":16,"column":0},"end":{"line":16,"column":7}},"16":{"start":{"line":17,"column":0},"end":{"line":17,"column":56}},"17":{"start":{"line":18,"column":0},"end":{"line":18,"column":65}},"18":{"start":{"line":19,"column":0},"end":{"line":19,"column":35}},"19":{"start":{"line":20,"column":0},"end":{"line":20,"column":11}},"20":{"start":{"line":21,"column":0},"end":{"line":21,"column":12}},"21":{"start":{"line":22,"column":0},"end":{"line":22,"column":15}},"22":{"start":{"line":23,"column":0},"end":{"line":23,"column":7}},"23":{"start":{"line":24,"column":0},"end":{"line":24,"column":19}},"24":{"start":{"line":25,"column":0},"end":{"line":25,"column":50}},"25":{"start":{"line":26,"column":0},"end":{"line":26,"column":64}},"26":{"start":{"line":27,"column":0},"end":{"line":27,"column":5}},"28":{"start":{"line":29,"column":0},"end":{"line":29,"column":16}},"29":{"start":{"line":30,"column":0},"end":{"line":30,"column":3}},"31":{"start":{"line":32,"column":0},"end":{"line":32,"column":27}},"32":{"start":{"line":33,"column":0},"end":{"line":33,"column":1}}},"s":{"0":0,"6":0,"7":0,"8":0,"9":0,"10":0,"11":0,"13":0,"15":0,"16":0,"17":0,"18":0,"19":0,"20":0,"21":0,"22":0,"23":0,"24":0,"25":0,"26":0,"28":0,"29":0,"31":0,"32":0},"branchMap":{"0":{"type":"branch","line":1,"loc":{"start":{"line":1,"column":0},"end":{"line":33,"column":-282}},"locations":[{"start":{"line":1,"column":0},"end":{"line":33,"column":-282}}]}},"b":{"0":[0]},"fnMap":{"0":{"name":"(empty-report)","decl":{"start":{"line":1,"column":0},"end":{"line":33,"column":-282}},"loc":{"start":{"line":1,"column":0},"end":{"line":33,"column":-282}},"line":1}},"f":{"0":0}}
,"C:\\www\\rocketseat\\node.js\\api-solid\\src\\lib\\prisma.ts": {"path":"C:\\www\\rocketseat\\node.js\\api-solid\\src\\lib\\prisma.ts","all":true,"statementMap":{"0":{"start":{"line":1,"column":0},"end":{"line":1,"column":28}},"3":{"start":{"line":4,"column":0},"end":{"line":4,"column":40}},"4":{"start":{"line":5,"column":0},"end":{"line":5,"column":47}},"5":{"start":{"line":6,"column":0},"end":{"line":6,"column":3}}},"s":{"0":0,"3":0,"4":0,"5":0},"branchMap":{"0":{"type":"branch","line":1,"loc":{"start":{"line":1,"column":174},"end":{"line":6,"column":3}},"locations":[{"start":{"line":1,"column":174},"end":{"line":6,"column":3}}]}},"b":{"0":[0]},"fnMap":{"0":{"name":"(empty-report)","decl":{"start":{"line":1,"column":174},"end":{"line":6,"column":3}},"loc":{"start":{"line":1,"column":174},"end":{"line":6,"column":3}},"line":1}},"f":{"0":0}}
,"C:\\www\\rocketseat\\node.js\\api-solid\\src\\repositories\\users-repository.ts": {"path":"C:\\www\\rocketseat\\node.js\\api-solid\\src\\repositories\\users-repository.ts","all":true,"statementMap":{},"s":{},"branchMap":{"0":{"type":"branch","line":1,"loc":{"start":{"line":1,"column":196},"end":{"line":6,"column":1}},"locations":[{"start":{"line":1,"column":196},"end":{"line":6,"column":1}}]}},"b":{"0":[1]},"fnMap":{"0":{"name":"(empty-report)","decl":{"start":{"line":1,"column":196},"end":{"line":6,"column":1}},"loc":{"start":{"line":1,"column":196},"end":{"line":6,"column":1}},"line":1}},"f":{"0":1}}
,"C:\\www\\rocketseat\\node.js\\api-solid\\src\\repositories\\in-memory\\in-memory-users-repository.ts": {"path":"C:\\www\\rocketseat\\node.js\\api-solid\\src\\repositories\\in-memory\\in-memory-users-repository.ts","all":false,"statementMap":{"3":{"start":{"line":4,"column":0},"end":{"line":4,"column":65}},"4":{"start":{"line":5,"column":0},"end":{"line":5,"column":28}},"6":{"start":{"line":7,"column":0},"end":{"line":7,"column":36}},"7":{"start":{"line":8,"column":0},"end":{"line":8,"column":65}},"9":{"start":{"line":10,"column":0},"end":{"line":10,"column":16}},"10":{"start":{"line":11,"column":0},"end":{"line":11,"column":18}},"11":{"start":{"line":12,"column":0},"end":{"line":12,"column":5}},"13":{"start":{"line":14,"column":0},"end":{"line":14,"column":16}},"14":{"start":{"line":15,"column":0},"end":{"line":15,"column":3}},"16":{"start":{"line":17,"column":0},"end":{"line":17,"column":46}},"17":{"start":{"line":18,"column":0},"end":{"line":18,"column":18}},"18":{"start":{"line":19,"column":0},"end":{"line":19,"column":19}},"19":{"start":{"line":20,"column":0},"end":{"line":20,"column":22}},"20":{"start":{"line":21,"column":0},"end":{"line":21,"column":24}},"21":{"start":{"line":22,"column":0},"end":{"line":22,"column":40}},"22":{"start":{"line":23,"column":0},"end":{"line":23,"column":29}},"23":{"start":{"line":24,"column":0},"end":{"line":24,"column":6}},"24":{"start":{"line":25,"column":0},"end":{"line":25,"column":26}},"26":{"start":{"line":27,"column":0},"end":{"line":27,"column":16}},"27":{"start":{"line":28,"column":0},"end":{"line":28,"column":3}},"28":{"start":{"line":29,"column":0},"end":{"line":29,"column":1}}},"s":{"3":1,"4":3,"6":1,"7":4,"9":4,"10":3,"11":3,"13":1,"14":4,"16":1,"17":3,"18":3,"19":3,"20":3,"21":3,"22":3,"23":3,"24":3,"26":3,"27":3,"28":1},"branchMap":{"0":{"type":"branch","line":4,"loc":{"start":{"line":4,"column":7},"end":{"line":5,"column":28}},"locations":[{"start":{"line":4,"column":7},"end":{"line":5,"column":28}}]},"1":{"type":"branch","line":7,"loc":{"start":{"line":7,"column":2},"end":{"line":15,"column":3}},"locations":[{"start":{"line":7,"column":2},"end":{"line":15,"column":3}}]},"2":{"type":"branch","line":10,"loc":{"start":{"line":10,"column":15},"end":{"line":12,"column":5}},"locations":[{"start":{"line":10,"column":15},"end":{"line":12,"column":5}}]},"3":{"type":"branch","line":12,"loc":{"start":{"line":12,"column":4},"end":{"line":14,"column":16}},"locations":[{"start":{"line":12,"column":4},"end":{"line":14,"column":16}}]},"4":{"type":"branch","line":8,"loc":{"start":{"line":8,"column":33},"end":{"line":8,"column":63}},"locations":[{"start":{"line":8,"column":33},"end":{"line":8,"column":63}}]},"5":{"type":"branch","line":17,"loc":{"start":{"line":17,"column":2},"end":{"line":28,"column":3}},"locations":[{"start":{"line":17,"column":2},"end":{"line":28,"column":3}}]}},"b":{"0":[3],"1":[4],"2":[3],"3":[1],"4":[1],"5":[3]},"fnMap":{"0":{"name":"InMemoryUsersRepository","decl":{"start":{"line":4,"column":7},"end":{"line":5,"column":28}},"loc":{"start":{"line":4,"column":7},"end":{"line":5,"column":28}},"line":4},"1":{"name":"findByEmail","decl":{"start":{"line":7,"column":2},"end":{"line":15,"column":3}},"loc":{"start":{"line":7,"column":2},"end":{"line":15,"column":3}},"line":7},"2":{"name":"create","decl":{"start":{"line":17,"column":2},"end":{"line":28,"column":3}},"loc":{"start":{"line":17,"column":2},"end":{"line":28,"column":3}},"line":17}},"f":{"0":3,"1":4,"2":3}}
,"C:\\www\\rocketseat\\node.js\\api-solid\\src\\repositories\\prisma\\prisma-users-repository.ts": {"path":"C:\\www\\rocketseat\\node.js\\api-solid\\src\\repositories\\prisma\\prisma-users-repository.ts","all":true,"statementMap":{"0":{"start":{"line":1,"column":0},"end":{"line":1,"column":38}},"4":{"start":{"line":5,"column":0},"end":{"line":5,"column":63}},"5":{"start":{"line":6,"column":0},"end":{"line":6,"column":58}},"6":{"start":{"line":7,"column":0},"end":{"line":7,"column":47}},"7":{"start":{"line":8,"column":0},"end":{"line":8,"column":14}},"8":{"start":{"line":9,"column":0},"end":{"line":9,"column":14}},"9":{"start":{"line":10,"column":0},"end":{"line":10,"column":8}},"10":{"start":{"line":11,"column":0},"end":{"line":11,"column":7}},"12":{"start":{"line":13,"column":0},"end":{"line":13,"column":16}},"13":{"start":{"line":14,"column":0},"end":{"line":14,"column":3}},"15":{"start":{"line":16,"column":0},"end":{"line":16,"column":46}},"16":{"start":{"line":17,"column":0},"end":{"line":17,"column":43}},"17":{"start":{"line":18,"column":0},"end":{"line":18,"column":11}},"18":{"start":{"line":19,"column":0},"end":{"line":19,"column":7}},"19":{"start":{"line":20,"column":0},"end":{"line":20,"column":16}},"20":{"start":{"line":21,"column":0},"end":{"line":21,"column":3}},"21":{"start":{"line":22,"column":0},"end":{"line":22,"column":1}}},"s":{"0":0,"4":0,"5":0,"6":0,"7":0,"8":0,"9":0,"10":0,"12":0,"13":0,"15":0,"16":0,"17":0,"18":0,"19":0,"20":0,"21":0},"branchMap":{"0":{"type":"branch","line":1,"loc":{"start":{"line":1,"column":537},"end":{"line":22,"column":1}},"locations":[{"start":{"line":1,"column":537},"end":{"line":22,"column":1}}]}},"b":{"0":[0]},"fnMap":{"0":{"name":"(empty-report)","decl":{"start":{"line":1,"column":537},"end":{"line":22,"column":1}},"loc":{"start":{"line":1,"column":537},"end":{"line":22,"column":1}},"line":1}},"f":{"0":0}}
,"C:\\www\\rocketseat\\node.js\\api-solid\\src\\use-cases\\register.ts": {"path":"C:\\www\\rocketseat\\node.js\\api-solid\\src\\use-cases\\register.ts","all":false,"statementMap":{"0":{"start":{"line":1,"column":0},"end":{"line":1,"column":76}},"15":{"start":{"line":16,"column":0},"end":{"line":16,"column":30}},"16":{"start":{"line":17,"column":0},"end":{"line":17,"column":58}},"18":{"start":{"line":19,"column":0},"end":{"line":19,"column":17}},"19":{"start":{"line":20,"column":0},"end":{"line":20,"column":9}},"20":{"start":{"line":21,"column":0},"end":{"line":21,"column":10}},"21":{"start":{"line":22,"column":0},"end":{"line":22,"column":13}},"22":{"start":{"line":23,"column":0},"end":{"line":23,"column":64}},"23":{"start":{"line":24,"column":0},"end":{"line":24,"column":50}},"24":{"start":{"line":25,"column":0},"end":{"line":25,"column":76}},"26":{"start":{"line":27,"column":0},"end":{"line":27,"column":28}},"27":{"start":{"line":28,"column":0},"end":{"line":28,"column":41}},"28":{"start":{"line":29,"column":0},"end":{"line":29,"column":5}},"30":{"start":{"line":31,"column":0},"end":{"line":31,"column":52}},"31":{"start":{"line":32,"column":0},"end":{"line":32,"column":11}},"32":{"start":{"line":33,"column":0},"end":{"line":33,"column":12}},"33":{"start":{"line":34,"column":0},"end":{"line":34,"column":20}},"34":{"start":{"line":35,"column":0},"end":{"line":35,"column":7}},"36":{"start":{"line":37,"column":0},"end":{"line":37,"column":12}},"37":{"start":{"line":38,"column":0},"end":{"line":38,"column":11}},"38":{"start":{"line":39,"column":0},"end":{"line":39,"column":6}},"39":{"start":{"line":40,"column":0},"end":{"line":40,"column":3}},"40":{"start":{"line":41,"column":0},"end":{"line":41,"column":1}}},"s":{"0":1,"15":1,"16":1,"18":1,"19":4,"20":4,"21":4,"22":4,"23":4,"24":4,"26":4,"27":1,"28":1,"30":3,"31":3,"32":3,"33":3,"34":3,"36":3,"37":3,"38":3,"39":4,"40":1},"branchMap":{"0":{"type":"branch","line":17,"loc":{"start":{"line":17,"column":2},"end":{"line":17,"column":58}},"locations":[{"start":{"line":17,"column":2},"end":{"line":17,"column":58}}]},"1":{"type":"branch","line":19,"loc":{"start":{"line":19,"column":2},"end":{"line":40,"column":3}},"locations":[{"start":{"line":19,"column":2},"end":{"line":40,"column":3}}]},"2":{"type":"branch","line":27,"loc":{"start":{"line":27,"column":27},"end":{"line":29,"column":5}},"locations":[{"start":{"line":27,"column":27},"end":{"line":29,"column":5}}]},"3":{"type":"branch","line":29,"loc":{"start":{"line":29,"column":4},"end":{"line":39,"column":6}},"locations":[{"start":{"line":29,"column":4},"end":{"line":39,"column":6}}]}},"b":{"0":[3],"1":[4],"2":[1],"3":[3]},"fnMap":{"0":{"name":"RegisterUseCase","decl":{"start":{"line":17,"column":2},"end":{"line":17,"column":58}},"loc":{"start":{"line":17,"column":2},"end":{"line":17,"column":58}},"line":17},"1":{"name":"execute","decl":{"start":{"line":19,"column":2},"end":{"line":40,"column":3}},"loc":{"start":{"line":19,"column":2},"end":{"line":40,"column":3}},"line":19}},"f":{"0":3,"1":4}}
}
